2025-10-27 10:20:09,147 - INFO - Starting API
2025-10-27 10:20:15,244 - INFO - Starting API
2025-10-27 10:20:17,672 - INFO - Starting API
2025-10-27 10:20:17,730 - INFO - Avvio dell'app FastAPI...
2025-10-27 10:20:17,732 - ERROR - Errore durante l'inizializzazione MT5: name 'MT5_PATH' is not defined
Traceback (most recent call last):
  File "C:\Users\crist\mt5Manager_BE\mt.py", line 169, in startup_event
    path=MT5_PATH, # type: ignore
         ^^^^^^^^
NameError: name 'MT5_PATH' is not defined
2025-10-27 10:20:17,774 - WARNING - MT5 non inizializzato, alcune funzionalità potrebbero non funzionare.
2025-10-27 10:27:45,723 - INFO - Starting API
2025-10-27 10:27:46,862 - INFO - Starting API
2025-10-27 10:27:47,150 - INFO - Avvio dell'app FastAPI...
2025-10-27 10:27:47,151 - ERROR - Errore durante l'inizializzazione MT5: name 'MT5_PATH' is not defined
Traceback (most recent call last):
  File "C:\Users\crist\mt5Manager_BE\mt.py", line 169, in startup_event
    path=MT5_PATH, # type: ignore
         ^^^^^^^^
NameError: name 'MT5_PATH' is not defined
2025-10-27 10:27:47,156 - WARNING - MT5 non inizializzato, alcune funzionalità potrebbero non funzionare.
2025-10-27 10:28:32,345 - INFO - Starting API
2025-10-27 10:28:32,877 - INFO - Starting API
2025-10-27 10:28:32,913 - INFO - Avvio dell'app FastAPI...
2025-10-27 10:28:32,913 - ERROR - Errore durante l'inizializzazione MT5: name 'MT5_PATH' is not defined
Traceback (most recent call last):
  File "C:\Users\crist\mt5Manager_BE\mt.py", line 169, in startup_event
    path=MT5_PATH, # type: ignore
         ^^^^^^^^
NameError: name 'MT5_PATH' is not defined
2025-10-27 10:28:32,916 - WARNING - MT5 non inizializzato, alcune funzionalità potrebbero non funzionare.
2025-10-27 10:28:46,746 - INFO - Starting API
2025-10-27 10:28:47,286 - INFO - Starting API
2025-10-27 10:28:47,392 - INFO - Avvio dell'app FastAPI...
2025-10-27 10:28:47,393 - ERROR - Errore durante l'inizializzazione MT5: name 'MT5_PATH' is not defined
Traceback (most recent call last):
  File "C:\Users\crist\mt5Manager_BE\mt.py", line 169, in startup_event
    path=MT5_PATH, # type: ignore
         ^^^^^^^^
NameError: name 'MT5_PATH' is not defined
2025-10-27 10:28:47,395 - WARNING - MT5 non inizializzato, alcune funzionalità potrebbero non funzionare.
2025-10-27 10:47:45,792 - INFO - Starting API
2025-10-27 10:47:46,459 - INFO - Starting API
2025-10-27 10:47:46,666 - INFO - Avvio dell'app FastAPI...
2025-10-27 10:47:46,667 - ERROR - Errore durante l'inizializzazione MT5: name 'MT5_PATH' is not defined
Traceback (most recent call last):
  File "C:\Users\crist\mt5Manager_BE\mt.py", line 169, in startup_event
    path=MT5_PATH, # type: ignore
         ^^^^^^^^
NameError: name 'MT5_PATH' is not defined
2025-10-27 10:47:46,673 - WARNING - MT5 non inizializzato, alcune funzionalità potrebbero non funzionare.
2025-10-27 11:39:33,331 - INFO - Starting API
2025-10-27 11:39:33,702 - INFO - Starting API
2025-10-27 11:39:33,737 - INFO - Avvio dell'app FastAPI...
2025-10-27 11:39:33,737 - ERROR - Errore durante l'inizializzazione MT5: name 'MT5_PATH' is not defined
Traceback (most recent call last):
  File "C:\Users\crist\mt5Manager_BE\mt.py", line 169, in startup_event
    path=MT5_PATH, # type: ignore
         ^^^^^^^^
NameError: name 'MT5_PATH' is not defined
2025-10-27 11:39:33,740 - WARNING - MT5 non inizializzato, alcune funzionalità potrebbero non funzionare.
2025-10-27 12:00:28,122 - INFO - Starting API
2025-10-27 12:00:28,510 - INFO - Starting API
2025-10-27 12:00:28,587 - INFO - Avvio dell'app FastAPI...
2025-10-27 12:00:28,587 - ERROR - Errore durante l'inizializzazione MT5: name 'MT5_PATH' is not defined
Traceback (most recent call last):
  File "C:\Users\crist\mt5Manager_BE\mt.py", line 169, in startup_event
    path=MT5_PATH, # type: ignore
         ^^^^^^^^
NameError: name 'MT5_PATH' is not defined
2025-10-27 12:00:28,593 - WARNING - MT5 non inizializzato, alcune funzionalità potrebbero non funzionare.
2025-10-27 14:18:58,043 - INFO - Starting API
2025-10-27 14:18:58,653 - INFO - Starting API
2025-10-27 14:18:58,690 - INFO - Avvio dell'app FastAPI...
2025-10-27 14:18:58,690 - ERROR - Errore durante l'inizializzazione MT5: name 'MT5_PATH' is not defined
Traceback (most recent call last):
  File "C:\Users\crist\mt5Manager_BE\mt.py", line 169, in startup_event
    path=MT5_PATH, # type: ignore
         ^^^^^^^^
NameError: name 'MT5_PATH' is not defined
2025-10-27 14:18:58,692 - WARNING - MT5 non inizializzato, alcune funzionalità potrebbero non funzionare.
2025-10-27 14:19:21,664 - INFO - Starting API
